01/Feb/2022 03:04:56 PM - __main__ - INFO - Wait for two-factor authentication render:1
01/Feb/2022 03:04:59 PM - __main__ - INFO - Wait for count_duo_pass:1
01/Feb/2022 03:05:00 PM - __main__ - INFO - Wait for count_duo_pass:2
01/Feb/2022 03:05:01 PM - __main__ - INFO - Wait for count_duo_pass:3
01/Feb/2022 03:05:02 PM - __main__ - INFO - Wait for count_duo_pass:4
01/Feb/2022 03:05:03 PM - __main__ - INFO - Wait for count_duo_pass:5
01/Feb/2022 03:05:04 PM - __main__ - INFO - Wait for count_duo_pass:6
01/Feb/2022 03:05:05 PM - __main__ - INFO - Wait for count_duo_pass:7
01/Feb/2022 03:05:06 PM - __main__ - INFO - Wait for count_duo_pass:8
01/Feb/2022 03:05:07 PM - __main__ - INFO - Wait for count_duo_pass:9
01/Feb/2022 03:05:08 PM - __main__ - INFO - Wait for count_duo_pass:10
01/Feb/2022 03:05:09 PM - __main__ - INFO - Wait for count_duo_pass:11
01/Feb/2022 03:05:10 PM - __main__ - INFO - Wait for count_duo_pass:12
01/Feb/2022 03:05:11 PM - __main__ - INFO - Wait for count_duo_pass:13
01/Feb/2022 03:05:12 PM - __main__ - INFO - Wait for count_duo_pass:14
01/Feb/2022 03:05:13 PM - __main__ - INFO - Wait for count_duo_pass:15
01/Feb/2022 03:05:14 PM - __main__ - INFO - Wait for count_duo_pass:16
01/Feb/2022 03:05:15 PM - __main__ - INFO - Wait for count_duo_pass:17
01/Feb/2022 03:05:16 PM - __main__ - INFO - Wait for count_duo_pass:18
01/Feb/2022 03:05:17 PM - __main__ - INFO - Wait for count_duo_pass:19
01/Feb/2022 03:05:21 PM - __main__ - INFO - Login to QIS is success!!!
01/Feb/2022 03:05:27 PM - __main__ - DEBUG - Main Page:CDwindow-91EA2F62F95CEADA3A0820432D567C3F
01/Feb/2022 03:05:40 PM - __main__ - DEBUG - <selenium.webdriver.remote.webelement.WebElement (session="bb8cfa5b3575cc53ef37463b6396a9b3", element="eae987ab-b329-4218-99af-0a29843448a6")>
01/Feb/2022 03:05:40 PM - __main__ - INFO - FA Link >>> FA-0493190 
